executive-app/android/app/build/intermediates/manifest_merge_blame_file/debug/manifest-merger-blame-debug-report.txt
1<?xml version="1.0" encoding="utf-8"?>
2<manifest xmlns:android="http://schemas.android.com/apk/res/android"
3    package="com.executiveapp"
4    android:versionCode="1"
5    android:versionName="1.0" >
6
7    <uses-sdk
8        android:minSdkVersion="24"
9        android:targetSdkVersion="36" />
10
11    <uses-permission android:name="android.permission.INTERNET" />
11-->src/main/AndroidManifest.xml:2:3-65
11-->src/main/AndroidManifest.xml:2:20-62
12    <!--
13    This manifest file is used only by Gradle to configure debug-only capabilities
14    for React Native Apps.
15    -->
16    <uses-permission android:name="android.permission.SYSTEM_ALERT_WINDOW" />
16-->[com.facebook.react:react-android:0.74.1] AndroidManifest.xml:16:5-78
16-->[com.facebook.react:react-android:0.74.1] AndroidManifest.xml:16:22-75
17
18    <permission
18-->[androidx.core:core:1.15.0] AndroidManifest.xml:22:5-24:47
19        android:name="com.executiveapp.DYNAMIC_RECEIVER_NOT_EXPORTED_PERMISSION"
19-->[androidx.core:core:1.15.0] AndroidManifest.xml:23:9-81
20        android:protectionLevel="signature" />
20-->[androidx.core:core:1.15.0] AndroidManifest.xml:24:9-44
21
22    <uses-permission android:name="com.executiveapp.DYNAMIC_RECEIVER_NOT_EXPORTED_PERMISSION" />
22-->[androidx.core:core:1.15.0] AndroidManifest.xml:26:5-97
22-->[androidx.core:core:1.15.0] AndroidManifest.xml:26:22-94
23
24    <application
24-->src/main/AndroidManifest.xml:4:3-26:17
25        android:name="com.executiveapp.MainApplication"
25-->src/main/AndroidManifest.xml:5:5-36
26        android:allowBackup="false"
26-->src/main/AndroidManifest.xml:9:5-32
27        android:appComponentFactory="androidx.core.app.CoreComponentFactory"
27-->[androidx.core:core:1.15.0] AndroidManifest.xml:28:18-86
28        android:debuggable="true"
29        android:extractNativeLibs="false"
30        android:icon="@mipmap/ic_launcher"
30-->src/main/AndroidManifest.xml:7:5-39
31        android:label="@string/app_name"
31-->src/main/AndroidManifest.xml:6:5-37
32        android:roundIcon="@mipmap/ic_launcher_round"
32-->src/main/AndroidManifest.xml:8:5-50
33        android:supportsRtl="true"
33-->src/main/AndroidManifest.xml:12:5-31
34        android:theme="@style/AppTheme"
34-->src/main/AndroidManifest.xml:10:5-36
35        android:usesCleartextTraffic="true" >
35-->src/main/AndroidManifest.xml:11:5-40
36        <activity
36-->src/main/AndroidManifest.xml:13:5-25:16
37            android:name="com.executiveapp.MainActivity"
37-->src/main/AndroidManifest.xml:14:7-35
38            android:configChanges="keyboard|keyboardHidden|orientation|screenLayout|screenSize|smallestScreenSize|uiMode"
38-->src/main/AndroidManifest.xml:16:7-116
39            android:exported="true"
39-->src/main/AndroidManifest.xml:19:7-30
40            android:label="@string/app_name"
40-->src/main/AndroidManifest.xml:15:7-39
41            android:launchMode="singleTask"
41-->src/main/AndroidManifest.xml:17:7-38
42            android:theme="@style/BootTheme"
42-->src/main/AndroidManifest.xml:20:7-39
43            android:windowSoftInputMode="adjustResize" >
43-->src/main/AndroidManifest.xml:18:7-49
44            <intent-filter>
44-->src/main/AndroidManifest.xml:21:7-24:23
45                <action android:name="android.intent.action.MAIN" />
45-->src/main/AndroidManifest.xml:22:9-61
45-->src/main/AndroidManifest.xml:22:17-58
46
47                <category android:name="android.intent.category.LAUNCHER" />
47-->src/main/AndroidManifest.xml:23:9-69
47-->src/main/AndroidManifest.xml:23:19-66
48            </intent-filter>
49        </activity>
50
51        <provider
51-->[:react-native-image-picker] AndroidManifest.xml:8:9-16:20
52            android:name="com.imagepicker.ImagePickerProvider"
52-->[:react-native-image-picker] AndroidManifest.xml:9:13-63
53            android:authorities="com.executiveapp.imagepickerprovider"
53-->[:react-native-image-picker] AndroidManifest.xml:10:13-71
54            android:exported="false"
54-->[:react-native-image-picker] AndroidManifest.xml:11:13-37
55            android:grantUriPermissions="true" >
55-->[:react-native-image-picker] AndroidManifest.xml:12:13-47
56            <meta-data
56-->[:react-native-image-picker] AndroidManifest.xml:13:13-15:70
57                android:name="android.support.FILE_PROVIDER_PATHS"
57-->[:react-native-image-picker] AndroidManifest.xml:14:17-67
58                android:resource="@xml/imagepicker_provider_paths" />
58-->[:react-native-image-picker] AndroidManifest.xml:15:17-67
59        </provider>
60
61        <activity
61-->[com.facebook.react:react-android:0.74.1] AndroidManifest.xml:19:9-21:40
62            android:name="com.facebook.react.devsupport.DevSettingsActivity"
62-->[com.facebook.react:react-android:0.74.1] AndroidManifest.xml:20:13-77
63            android:exported="false" />
63-->[com.facebook.react:react-android:0.74.1] AndroidManifest.xml:21:13-37
64        <activity
64-->[com.google.android.gms:play-services-base:17.5.0] AndroidManifest.xml:23:9-26:75
65            android:name="com.google.android.gms.common.api.GoogleApiActivity"
65-->[com.google.android.gms:play-services-base:17.5.0] AndroidManifest.xml:24:13-79
66            android:exported="false"
66-->[com.google.android.gms:play-services-base:17.5.0] AndroidManifest.xml:25:13-37
67            android:theme="@android:style/Theme.Translucent.NoTitleBar" />
67-->[com.google.android.gms:play-services-base:17.5.0] AndroidManifest.xml:26:13-72
68
69        <meta-data
69-->[com.google.android.gms:play-services-basement:17.5.0] AndroidManifest.xml:23:9-25:69
70            android:name="com.google.android.gms.version"
70-->[com.google.android.gms:play-services-basement:17.5.0] AndroidManifest.xml:24:13-58
71            android:value="@integer/google_play_services_version" />
71-->[com.google.android.gms:play-services-basement:17.5.0] AndroidManifest.xml:25:13-66
72
73        <provider
73-->[androidx.emoji2:emoji2:1.2.0] AndroidManifest.xml:24:9-32:20
74            android:name="androidx.startup.InitializationProvider"
74-->[androidx.emoji2:emoji2:1.2.0] AndroidManifest.xml:25:13-67
75            android:authorities="com.executiveapp.androidx-startup"
75-->[androidx.emoji2:emoji2:1.2.0] AndroidManifest.xml:26:13-68
76            android:exported="false" >
76-->[androidx.emoji2:emoji2:1.2.0] AndroidManifest.xml:27:13-37
77            <meta-data
77-->[androidx.emoji2:emoji2:1.2.0] AndroidManifest.xml:29:13-31:52
78                android:name="androidx.emoji2.text.EmojiCompatInitializer"
78-->[androidx.emoji2:emoji2:1.2.0] AndroidManifest.xml:30:17-75
79                android:value="androidx.startup" />
79-->[androidx.emoji2:emoji2:1.2.0] AndroidManifest.xml:31:17-49
80            <meta-data
80-->[androidx.lifecycle:lifecycle-process:2.6.2] AndroidManifest.xml:29:13-31:52
81                android:name="androidx.lifecycle.ProcessLifecycleInitializer"
81-->[androidx.lifecycle:lifecycle-process:2.6.2] AndroidManifest.xml:30:17-78
82                android:value="androidx.startup" />
82-->[androidx.lifecycle:lifecycle-process:2.6.2] AndroidManifest.xml:31:17-49
83            <meta-data
83-->[androidx.profileinstaller:profileinstaller:1.3.0] AndroidManifest.xml:29:13-31:52
84                android:name="androidx.profileinstaller.ProfileInstallerInitializer"
84-->[androidx.profileinstaller:profileinstaller:1.3.0] AndroidManifest.xml:30:17-85
85                android:value="androidx.startup" />
85-->[androidx.profileinstaller:profileinstaller:1.3.0] AndroidManifest.xml:31:17-49
86        </provider>
87
88        <receiver
88-->[androidx.profileinstaller:profileinstaller:1.3.0] AndroidManifest.xml:34:9-52:20
89            android:name="androidx.profileinstaller.ProfileInstallReceiver"
89-->[androidx.profileinstaller:profileinstaller:1.3.0] AndroidManifest.xml:35:13-76
90            android:directBootAware="false"
90-->[androidx.profileinstaller:profileinstaller:1.3.0] AndroidManifest.xml:36:13-44
91            android:enabled="true"
91-->[androidx.profileinstaller:profileinstaller:1.3.0] AndroidManifest.xml:37:13-35
92            android:exported="true"
92-->[androidx.profileinstaller:profileinstaller:1.3.0] AndroidManifest.xml:38:13-36
93            android:permission="android.permission.DUMP" >
93-->[androidx.profileinstaller:profileinstaller:1.3.0] AndroidManifest.xml:39:13-57
94            <intent-filter>
94-->[androidx.profileinstaller:profileinstaller:1.3.0] AndroidManifest.xml:40:13-42:29
95                <action android:name="androidx.profileinstaller.action.INSTALL_PROFILE" />
95-->[androidx.profileinstaller:profileinstaller:1.3.0] AndroidManifest.xml:41:17-91
95-->[androidx.profileinstaller:profileinstaller:1.3.0] AndroidManifest.xml:41:25-88
96            </intent-filter>
97            <intent-filter>
97-->[androidx.profileinstaller:profileinstaller:1.3.0] AndroidManifest.xml:43:13-45:29
98                <action android:name="androidx.profileinstaller.action.SKIP_FILE" />
98-->[androidx.profileinstaller:profileinstaller:1.3.0] AndroidManifest.xml:44:17-85
98-->[androidx.profileinstaller:profileinstaller:1.3.0] AndroidManifest.xml:44:25-82
99            </intent-filter>
100            <intent-filter>
100-->[androidx.profileinstaller:profileinstaller:1.3.0] AndroidManifest.xml:46:13-48:29
101                <action android:name="androidx.profileinstaller.action.SAVE_PROFILE" />
101-->[androidx.profileinstaller:profileinstaller:1.3.0] AndroidManifest.xml:47:17-88
101-->[androidx.profileinstaller:profileinstaller:1.3.0] AndroidManifest.xml:47:25-85
102            </intent-filter>
103            <intent-filter>
103-->[androidx.profileinstaller:profileinstaller:1.3.0] AndroidManifest.xml:49:13-51:29
104                <action android:name="androidx.profileinstaller.action.BENCHMARK_OPERATION" />
104-->[androidx.profileinstaller:profileinstaller:1.3.0] AndroidManifest.xml:50:17-95
104-->[androidx.profileinstaller:profileinstaller:1.3.0] AndroidManifest.xml:50:25-92
105            </intent-filter>
106        </receiver>
107
108        <meta-data
108-->[com.facebook.soloader:soloader:0.10.5] AndroidManifest.xml:12:9-14:37
109            android:name="com.facebook.soloader.enabled"
109-->[com.facebook.soloader:soloader:0.10.5] AndroidManifest.xml:13:13-57
110            android:value="false" />
110-->[com.facebook.soloader:soloader:0.10.5] AndroidManifest.xml:14:13-34
111    </application>
112
113</manifest>